*** Starting uWSGI 2.0.18 (64bit) on [Sat Feb  8 11:25:17 2020] ***
compiled with version: 4.2.1 Compatible Apple LLVM 11.0.0 (clang-1100.0.33.12) on 08 February 2020 02:39:10
os: Darwin-19.2.0 Darwin Kernel Version 19.2.0: Sat Nov  9 03:47:04 PST 2019; root:xnu-6153.61.1~20/RELEASE_X86_64
nodename: zhoufurongdeMacBook-Air.local
machine: x86_64
clock source: unix
detected number of CPU cores: 4
current working directory: /Users/shuufuyou/PycharmProjects/untitled1
detected binary path: /Users/shuufuyou/untitled1/bin/uwsgi
!!! no internal routing support, rebuild with pcre support !!!
chdir() to /Users/shuufuyou/PycharmProjects/untitled1
your processes number limit is 1392
your memory page size is 4096 bytes
detected max file descriptor number: 10240
lock engine: OSX spinlocks
thunder lock: disabled (you can enable it with --thunder-lock)
probably another instance of uWSGI is running on the same address (:5001).
bind(): Address already in use [core/socket.c line 769]
*** Starting uWSGI 2.0.18 (64bit) on [Sat Feb  8 11:25:36 2020] ***
compiled with version: 4.2.1 Compatible Apple LLVM 11.0.0 (clang-1100.0.33.12) on 08 February 2020 02:39:10
os: Darwin-19.2.0 Darwin Kernel Version 19.2.0: Sat Nov  9 03:47:04 PST 2019; root:xnu-6153.61.1~20/RELEASE_X86_64
nodename: zhoufurongdeMacBook-Air.local
machine: x86_64
clock source: unix
detected number of CPU cores: 4
current working directory: /Users/shuufuyou/PycharmProjects/untitled1
detected binary path: /Users/shuufuyou/untitled1/bin/uwsgi
!!! no internal routing support, rebuild with pcre support !!!
chdir() to /Users/shuufuyou/PycharmProjects/untitled1
your processes number limit is 1392
your memory page size is 4096 bytes
detected max file descriptor number: 10240
lock engine: OSX spinlocks
thunder lock: disabled (you can enable it with --thunder-lock)
uWSGI http bound on :5001 fd 4
uwsgi socket 0 bound to TCP address 127.0.0.1:56643 (port auto-assigned) fd 3
Python version: 3.7.2 (v3.7.2:9a3ffc0492, Dec 24 2018, 02:44:43)  [Clang 6.0 (clang-600.0.57)]
Python main interpreter initialized at 0x7fd0d6c06e80
python threads support enabled
your server socket listen backlog is limited to 100 connections
your mercy for graceful operations on workers is 60 seconds
mapped 1030950 bytes (1006 KB) for 8 cores
*** Operational MODE: preforking+threaded ***
WSGI app 0 (mountpoint='') ready in 1 seconds on interpreter 0x7fd0d6c06e80 pid: 46787 (default app)
*** uWSGI is running in multiple interpreter mode ***
spawned uWSGI master process (pid: 46787)
spawned uWSGI worker 1 (pid: 46788, cores: 2)
spawned uWSGI worker 2 (pid: 46789, cores: 2)
spawned uWSGI worker 3 (pid: 46790, cores: 2)
spawned uWSGI worker 4 (pid: 46791, cores: 2)
spawned uWSGI http 1 (pid: 46792)
[pid: 46791|app: 0|req: 1/1] 127.0.0.1 () {38 vars in 668 bytes} [Sat Feb  8 11:25:41 2020] GET / => generated 4377 bytes in 27 msecs (HTTP/1.1 200) 2 headers in 81 bytes (1 switches on core 0)
[pid: 46790|app: 0|req: 1/2] 127.0.0.1 () {40 vars in 705 bytes} [Sat Feb  8 11:25:42 2020] GET /hotnews => generated 311 bytes in 382 msecs (HTTP/1.1 200) 2 headers in 72 bytes (1 switches on core 0)
[pid: 46791|app: 0|req: 3/3] 127.0.0.1 () {40 vars in 699 bytes} [Sat Feb  8 11:25:42 2020] GET /news => generated 2049 bytes in 551 msecs (HTTP/1.1 200) 2 headers in 73 bytes (1 switches on core 1)
[pid: 46788|app: 0|req: 1/4] 127.0.0.1 () {40 vars in 699 bytes} [Sat Feb  8 11:25:42 2020] GET /maps => generated 5969 bytes in 1588 msecs (HTTP/1.1 200) 2 headers in 81 bytes (1 switches on core 0)
[pid: 46789|app: 0|req: 2/5] 127.0.0.1 () {40 vars in 697 bytes} [Sat Feb  8 11:25:42 2020] GET /map => generated 6778 bytes in 2513 msecs (HTTP/1.1 200) 2 headers in 81 bytes (1 switches on core 0)
[pid: 46790|app: 0|req: 2/6] 127.0.0.1 () {40 vars in 709 bytes} [Sat Feb  8 11:25:42 2020] GET /worldline => generated 4795 bytes in 2301 msecs (HTTP/1.1 200) 2 headers in 81 bytes (1 switches on core 1)
[pid: 46789|app: 0|req: 2/7] 127.0.0.1 () {40 vars in 699 bytes} [Sat Feb  8 11:25:42 2020] GET /line => generated 22312 bytes in 2783 msecs (HTTP/1.1 200) 2 headers in 82 bytes (1 switches on core 1)
[pid: 46791|app: 0|req: 4/8] 127.0.0.1 () {40 vars in 703 bytes} [Sat Feb  8 11:25:42 2020] GET /online => generated 76569 bytes in 2932 msecs (HTTP/1.1 200) 2 headers in 74 bytes (1 switches on core 0)
[pid: 46788|app: 0|req: 2/9] 127.0.0.1 () {40 vars in 699 bytes} [Sat Feb  8 11:25:43 2020] GET /heal => generated 9590 bytes in 1707 msecs (HTTP/1.1 200) 2 headers in 81 bytes (2 switches on core 1)
[pid: 46791|app: 0|req: 4/10] 127.0.0.1 () {40 vars in 707 bytes} [Sat Feb  8 11:25:42 2020] GET /worldbar => generated 4651 bytes in 2936 msecs (HTTP/1.1 200) 2 headers in 81 bytes (1 switches on core 1)
[pid: 46789|app: 0|req: 3/11] 127.0.0.1 () {40 vars in 705 bytes} [Sat Feb  8 11:35:50 2020] GET /hotnews => generated 311 bytes in 267 msecs (HTTP/1.1 200) 2 headers in 72 bytes (1 switches on core 0)
Sat Feb  8 11:37:06 2020 - uWSGI worker 2 screams: UAAAAAAH my master disconnected: i will kill myself !!!
Sat Feb  8 11:37:06 2020 - uWSGI worker 4 screams: UAAAAAAH my master disconnected: i will kill myself !!!
Sat Feb  8 11:37:06 2020 - uWSGI worker 2 screams: UAAAAAAH my master disconnected: i will kill myself !!!
Sat Feb  8 11:37:06 2020 - uWSGI worker 3 screams: UAAAAAAH my master disconnected: i will kill myself !!!
Sat Feb  8 11:37:06 2020 - uWSGI worker 3 screams: UAAAAAAH my master disconnected: i will kill myself !!!
Sat Feb  8 11:37:06 2020 - uWSGI worker 4 screams: UAAAAAAH my master disconnected: i will kill myself !!!
Sat Feb  8 11:37:06 2020 - uWSGI worker 1 screams: UAAAAAAH my master disconnected: i will kill myself !!!
Sat Feb  8 11:37:06 2020 - uWSGI worker 1 screams: UAAAAAAH my master disconnected: i will kill myself !!!
